Run 1:  Tue Feb 04 16:11:16 2025.  .
        Em version 18.54 (64-bit Windows) on DESKTOP-0JJSHOJ local.

  Project:  C:\Users\caleb\Documents\UGResearch\nm_cascade\src\gridmake\antenna.son.

    Begin electromagnetic simulation using frequency sweep:
      Linear Start = 8, Stop = 10, Number = 150 GHZ, Adaptive

    Frequency:  8 GHZ

      De-embedded S-Parameters. 50 Ohm Port Terminations.
      Magnitude/Angle. Touchstone Format. Matrix Order (line #1: S11 S12 S13 ...).
      8.00000000 0.965931 -9.940
      ! P1 F=8.0 Eeff=(3.05702 - j0.0576643) Z0=(93.8176 + j0.782727)

    Frequency:  10 GHZ
      10.0000000 0.908408 -82.43
      ! P1 F=10.0 Eeff=(3.12117 - j0.0603855) Z0=(94.626 + j0.709468)

    Frequency:  9.167785234899 GHZ
      9.16778523 0.943705 -45.21
      ! P1 F=9.16778523 Eeff=(3.09325 - j0.0592261) Z0=(94.0948 + j0.754389)

    Frequency:  9.677852348993 GHZ
      9.67785235 0.924888 -66.03
      ! P1 F=9.67785235 Eeff=(3.11018 - j0.0599348) Z0=(94.3739 + j0.730815)

Em simulation completed Tue Feb 04 16:11:16 2025.
