Run 1:  Wed Feb 19 14:10:18 2025.  .
        Em version 18.54 (64-bit Windows) on DESKTOP-0JJSHOJ local.

  Project:  C:\Users\caleb\Documents\UGResearch\nm_cascade\src\gridmake\desired.son.

    Begin electromagnetic simulation using frequency sweep:
      Linear Start = 1, Stop = 4, Number = 100 GHZ, Adaptive

    Frequency:  1 GHZ

      De-embedded S-Parameters. 50 Ohm Port Terminations.
      Magnitude/Angle. Touchstone Format. (S11 S21 S12 S22).
      1.00000000 0.971204 -104.5 1.395e-4 -10.39 1.395e-4 -10.39 0.969234 -114.7
      ! P1 F=1.0 Eeff=(3.20695 - j0.0596542) Z0=(65.2001 + j0.548471)
      ! P2 F=1.0 Eeff=(3.20695 - j0.0596542) Z0=(65.2001 + j0.548471)

    Frequency:  4 GHZ
      4.00000000 0.910385 -106.1 0.003581 141.18 0.003581 141.18 0.896432 -149.5
      ! P1 F=4.0 Eeff=(3.28502 - j0.0613069) Z0=(64.1344 + j0.505454)
      ! P2 F=4.0 Eeff=(3.28502 - j0.0613069) Z0=(64.1344 + j0.505454)

    Frequency:  2.939393939394 GHZ
      2.93939394 0.958342 7.0700 0.002596 -94.96 0.002596 -94.96 0.951885 -13.60
      ! P1 F=2.93939394 Eeff=(3.25111 - j0.060473) Z0=(64.8811 + j0.560177)
      ! P2 F=2.93939394 Eeff=(3.25111 - j0.060473) Z0=(64.8811 + j0.560177)

    Frequency:  1.909090909091 GHZ
      1.90909091 0.965399 121.07 0.001350 18.642 0.001350 18.642 0.966462 101.50
      ! P1 F=1.90909091 Eeff=(3.22419 - j0.0597004) Z0=(65.0066 + j0.559442)
      ! P2 F=1.90909091 Eeff=(3.22419 - j0.0597004) Z0=(65.0066 + j0.559442)

    Frequency:  3.636363636364 GHZ
      3.63636364 0.931356 -61.88 0.003508 -169.1 0.003508 -169.1 0.916075 -94.08
      ! P1 F=3.63636364 Standard port
      ! P2 F=3.63636364 Standard port

    Frequency:  1.242424242424 GHZ
      1.24242424 0.965718 -138.3 1.080e-4 103.24 1.080e-4 103.24 0.964301 -152.4
      ! P1 F=1.24242424 Eeff=(3.21055 - j0.0595432) Z0=(65.1506 + j0.552398)
      ! P2 F=1.24242424 Eeff=(3.21055 - j0.0595432) Z0=(65.1506 + j0.552398)

    Frequency:  1.151515151515 GHZ
      1.15151515 0.967499 -125.2 3.457e-5 29.935 3.457e-5 29.935 0.965755 -137.8
      ! P1 F=1.15151515 Eeff=(3.2091 - j0.0595698) Z0=(65.1697 + j0.551036)
      ! P2 F=1.15151515 Eeff=(3.2091 - j0.0595698) Z0=(65.1697 + j0.551036)

    Frequency:  2.424242424242 GHZ
      2.42424242 0.966520 57.790 0.002048 -43.52 0.002048 -43.52 0.964762 38.865
      ! P1 F=2.42424242 Eeff=(3.23738 - j0.0600558) Z0=(64.9209 + j0.561591)
      ! P2 F=2.42424242 Eeff=(3.23738 - j0.0600558) Z0=(64.9209 + j0.561591)

    Frequency:  1.515151515152 GHZ
      1.51515152 0.963144 -179.9 5.775e-4 75.673 5.775e-4 75.673 0.963281 162.28
      ! P1 F=1.51515152 Eeff=(3.21553 - j0.0595455) Z0=(65.0912 + j0.555858)
      ! P2 F=1.51515152 Eeff=(3.21553 - j0.0595455) Z0=(65.0912 + j0.555858)

Em simulation completed Wed Feb 19 14:10:18 2025.
