Run 1:  Thu Jan 23 14:43:14 2025.  .
        Em version 18.54 (64-bit Windows) on DESKTOP-0JJSHOJ local.

  Project:  C:\Users\caleb\Documents\UGResearch\nm_cascade\src\gridmake\gridobj3.son.

    Begin electromagnetic simulation using frequency sweep:
      Linear Start = 1, Stop = 4, Number = 100 GHZ, Adaptive

    Frequency:  1 GHZ
      Subsectioning at 4 GHz with Eeff of 2.7.
      Subsectioning time:  0 seconds.
      De-embedding information for left box wall port(s):
        Left SOC Electric Wall: 16.6551 mm length, 9 subsections, 1 MB.
        Left SOC Magnetic Wall: 33.3103 mm length, 8 subsections, 1 MB.
      De-embedding information for bottom box wall port(s):
        Bottom SOC Electric Wall: 16.6551 mm length, 9 subsections, 1 MB.
        Bottom SOC Magnetic Wall: 33.3103 mm length, 8 subsections, 1 MB.
      Em license feature:  emhighperformance.

      Circuit requires 32 subsections and 1 MB of memory.

      Primary structure subsections by level and type:
      Level 0:
        Surface Staircase:  32

      Process memory by type:
        System matrix:            0 MB
        Elemental subsections:
          Primary structure:      0 MB
          Left standard:          0 MB
          Bottom standard:        0 MB
        Fourier transform:        0 MB
        Waveguide mode:           0 MB
        Adaptive band synthesis:  0 MB
        Miscellaneous:            1 MB
        TOTAL REQUIRED MEMORY:    1 MB

      Amount of RAM installed on host computer:  16 GB
      Number of logical processors:  8
      Matrix solver:  internal 64-bit SSE with loss.
      Simulation mode:  local machine.
      Threads:  using 8 thread(s), 8 core(s) available.
      Waveguide mode time:  0.012 seconds.
      Fourier transform time:  0.009 seconds.
      Coupling time:  0.003 seconds.
      Loss time:  0.001 seconds.
      Matrix fill time:  0.025 seconds.
      Matrix solve time:  0.006 seconds.
      De-embedding time for left box wall:
        SOC Electric Wall Std: 0.014 seconds.
        SOC Magnetic Wall Std: 0.007 seconds.
        Total:                 0.021 seconds.
      De-embedding time for bottom box wall:
        SOC Electric Wall Std: 0.010 seconds.
        SOC Magnetic Wall Std: 0.008 seconds.
        Total:                 0.019 seconds.
      Frequency completed Thu Jan 23 14:43:14 2025.

      De-embedded S-Parameters. 50 Ohm Port Terminations.
      Magnitude/Angle. Touchstone Format. (S11 S21 S12 S22).
      1.00000000 0.115519 -40.57 0.972290 -124.9 0.972290 -124.9 0.119575 -19.42
      ! P1 F=1.0 Eeff=(3.07162 - j0.0564016) Z0=(62.7695 + j0.517345)
      ! P2 F=1.0 Eeff=(3.15717 - j0.0584745) Z0=(64.4718 + j0.538879)
      Total time per frequency:  0.169 seconds.

    Frequency:  4 GHZ
      Waveguide mode time:  0.004 seconds.
      Fourier transform time:  0.020 seconds.
      Coupling time:  0.003 seconds.
      Loss time:  0 seconds.
      Matrix fill time:  0.028 seconds.
      Matrix solve time:  0.004 seconds.
      Frequency completed Thu Jan 23 14:43:14 2025.
      4.00000000 0.204067 128.25 0.894651 -148.8 0.894651 -148.8 0.211810 102.03
      ! P1 F=4.0 Eeff=(3.12065 - j0.0573956) Z0=(61.7934 + j0.542417)
      ! P2 F=4.0 Eeff=(3.22383 - j0.0602092) Z0=(63.6148 + j0.557649)
      Total time per frequency:  0.077 seconds.
      ABS: Energy conservation for port 1 at 2.48485 GHz.
      ABS: Time = 0.020 seconds.

    Frequency:  2.484848484848 GHZ
      Waveguide mode time:  0.005 seconds.
      Fourier transform time:  0.008 seconds.
      Coupling time:  0.003 seconds.
      Loss time:  0 seconds.
      Matrix fill time:  0.017 seconds.
      Matrix solve time:  0.003 seconds.
      Frequency completed Thu Jan 23 14:43:14 2025.
      2.48484848 0.345730 -35.95 0.886466 50.308 0.886466 50.308 0.345568 -39.61
      ! P1 F=2.48484848 Eeff=(3.0891 - j0.0562537) Z0=(62.3675 + j0.534208)
      ! P2 F=2.48484848 Eeff=(3.18202 - j0.0586816) Z0=(64.0554 + j0.555817)
      Total time per frequency:  0.090 seconds.
      ABS: Energy conservation for port 2 at 3.42424 GHz.
      ABS: Time = 0.024 seconds.

    Frequency:  3.424242424242 GHZ
      Waveguide mode time:  0.005 seconds.
      Fourier transform time:  0.005 seconds.
      Coupling time:  0.013 seconds.
      Loss time:  0 seconds.
      Matrix fill time:  0.023 seconds.
      Matrix solve time:  0.003 seconds.
      Frequency completed Thu Jan 23 14:43:14 2025.
      3.42424242 0.068967 -145.0 0.927247 -71.05 0.927247 -71.05 0.070584 173.46
      ! P1 F=3.42424242 Eeff=(3.10742 - j0.0568825) Z0=(62.0163 + j0.540511)
      ! P2 F=3.42424242 Eeff=(3.2068 - j0.0595695) Z0=(63.7557 + j0.559715)
      Total time per frequency:  0.109 seconds.
      ABS: Energy conservation for port 2 at 1.33333 GHz.
      ABS: Time = 0.026 seconds.

    Frequency:  1.333333333333 GHZ
      Waveguide mode time:  0.004 seconds.
      Fourier transform time:  0.005 seconds.
      Coupling time:  0.002 seconds.
      Loss time:  0 seconds.
      Matrix fill time:  0.011 seconds.
      Matrix solve time:  0.002 seconds.
      Frequency completed Thu Jan 23 14:43:14 2025.
      1.33333333 0.055366 122.13 0.971179 -167.8 0.971179 -167.8 0.063679 67.046
      ! P1 F=1.33333333 Eeff=(3.07409 - j0.0561503) Z0=(62.7023 + j0.522426)
      ! P2 F=1.33333333 Eeff=(3.16084 - j0.0582863) Z0=(64.3985 + j0.544112)
      Total time per frequency:  0.092 seconds.
      ABS: SNR = 41.1246 dB (67.7369 dB Goal) for S1_2 at 1.90909 GHz.
      ABS: Time = 0.035 seconds.

    Frequency:  1.909090909091 GHZ
      Waveguide mode time:  0.005 seconds.
      Fourier transform time:  0.004 seconds.
      Coupling time:  0.001 seconds.
      Loss time:  0.001 seconds.
      Matrix fill time:  0.011 seconds.
      Matrix solve time:  0.002 seconds.
      Frequency completed Thu Jan 23 14:43:14 2025.
      1.90909091 0.332921 33.283 0.905877 119.17 0.905877 119.17 0.333498 25.533
      ! P1 F=1.90909091 Eeff=(3.08044 - j0.0560717) Z0=(62.553 + j0.528991)
      ! P2 F=1.90909091 Eeff=(3.16992 - j0.0583424) Z0=(64.2401 + j0.550852)
      Total time per frequency:  0.095 seconds.
      ABS: SNR = 40.1128 dB (50 dB Goal) for S1_1 at 1.24242 GHz.
      ABS: Time = 0.042 seconds.

    Frequency:  1.242424242424 GHZ
      Waveguide mode time:  0.004 seconds.
      Fourier transform time:  0.003 seconds.
      Coupling time:  0.002 seconds.
      Loss time:  0 seconds.
      Matrix fill time:  0.009 seconds.
      Matrix solve time:  0.003 seconds.
      Frequency completed Thu Jan 23 14:43:14 2025.
      1.24242424 0.017041 -156.6 0.974096 -155.9 0.974096 -155.9 0.036411 24.161
      ! P1 F=1.24242424 Eeff=(3.07332 - j0.0561988) Z0=(62.7221 + j0.521178)
      ! P2 F=1.24242424 Eeff=(3.15971 - j0.0583165) Z0=(64.42 + j0.542822)
      Total time per frequency:  0.109 seconds.
      ABS: SNR = 72.2795 dB (67.4917 dB Goal) for S1_2 at 3.78788 GHz.
      ABS: Time = 0.048 seconds.

    Post-Analysis information for em run 1:
      Total time for 7 frequencies:  0.883 seconds.
      Em errors detected: 0    Em warnings detected: 0.

Em simulation completed Thu Jan 23 14:43:14 2025.
