Run 1:  Thu Jan 23 14:43:14 2025.  .
        Em version 18.54 (64-bit Windows) on DESKTOP-0JJSHOJ local.

  Project:  C:\Users\caleb\Documents\UGResearch\nm_cascade\src\gridmake\gridobj3.son.

    Begin electromagnetic simulation using frequency sweep:
      Linear Start = 1, Stop = 4, Number = 100 GHZ, Adaptive

    Frequency:  1 GHZ
      Subsectioning at 4 GHz with Eeff of 2.7.
      Subsectioning time:  0 seconds.
      De-embedding information for left box wall port(s):
        Left SOC Electric Wall: 16.6551 mm length, 9 subsections, 1 MB.
        Left SOC Magnetic Wall: 33.3103 mm length, 8 subsections, 1 MB.
      De-embedding information for bottom box wall port(s):
        Bottom SOC Electric Wall: 16.6551 mm length, 9 subsections, 1 MB.
        Bottom SOC Magnetic Wall: 33.3103 mm length, 8 subsections, 1 MB.
      Em license feature:  emhighperformance.

      Circuit requires 32 subsections and 1 MB of memory.

      Primary structure subsections by level and type:
      Level 0:
        Surface Staircase:  32

      Process memory by type:
        System matrix:            0 MB
        Elemental subsections:
          Primary structure:      0 MB
          Left standard:          0 MB
          Bottom standard:        0 MB
        Fourier transform:        0 MB
        Waveguide mode:           0 MB
        Adaptive band synthesis:  0 MB
        Miscellaneous:            1 MB
        TOTAL REQUIRED MEMORY:    1 MB

      Amount of RAM installed on host computer:  16 GB
      Number of logical processors:  8
      Matrix solver:  internal 64-bit SSE with loss.
      Simulation mode:  local machine.
      Threads:  using 8 thread(s), 8 core(s) available.
      Waveguide mode time:  0.012 seconds.
      Fourier transform time:  0.009 seconds.
      Coupling time:  0.003 seconds.
      Loss time:  0.001 seconds.
      Matrix fill time:  0.025 seconds.
      Matrix solve time:  0.006 seconds.
      De-embedding time for left box wall:
        SOC Electric Wall Std: 0.014 seconds.
        SOC Magnetic Wall Std: 0.007 seconds.
        Total:                 0.021 seconds.
      De-embedding time for bottom box wall:
        SOC Electric Wall Std: 0.010 seconds.
        SOC Magnetic Wall Std: 0.008 seconds.
        Total:                 0.019 seconds.
      Frequency completed Thu Jan 23 14:43:14 2025.
      Total time per frequency:  0.169 seconds.

    Frequency:  4 GHZ
      Waveguide mode time:  0.004 seconds.
      Fourier transform time:  0.020 seconds.
      Coupling time:  0.003 seconds.
      Loss time:  0 seconds.
      Matrix fill time:  0.028 seconds.
      Matrix solve time:  0.004 seconds.
      Frequency completed Thu Jan 23 14:43:14 2025.
      Total time per frequency:  0.077 seconds.
      ABS: Energy conservation for port 1 at 2.48485 GHz.
      ABS: Time = 0.020 seconds.

    Frequency:  2.484848484848 GHZ
      Waveguide mode time:  0.005 seconds.
      Fourier transform time:  0.008 seconds.
      Coupling time:  0.003 seconds.
      Loss time:  0 seconds.
      Matrix fill time:  0.017 seconds.
      Matrix solve time:  0.003 seconds.
      Frequency completed Thu Jan 23 14:43:14 2025.
      Total time per frequency:  0.090 seconds.
      ABS: Energy conservation for port 2 at 3.42424 GHz.
      ABS: Time = 0.024 seconds.

    Frequency:  3.424242424242 GHZ
      Waveguide mode time:  0.005 seconds.
      Fourier transform time:  0.005 seconds.
      Coupling time:  0.013 seconds.
      Loss time:  0 seconds.
      Matrix fill time:  0.023 seconds.
      Matrix solve time:  0.003 seconds.
      Frequency completed Thu Jan 23 14:43:14 2025.
      Total time per frequency:  0.109 seconds.
      ABS: Energy conservation for port 2 at 1.33333 GHz.
      ABS: Time = 0.026 seconds.

    Frequency:  1.333333333333 GHZ
      Waveguide mode time:  0.004 seconds.
      Fourier transform time:  0.005 seconds.
      Coupling time:  0.002 seconds.
      Loss time:  0 seconds.
      Matrix fill time:  0.011 seconds.
      Matrix solve time:  0.002 seconds.
      Frequency completed Thu Jan 23 14:43:14 2025.
      Total time per frequency:  0.092 seconds.
      ABS: SNR = 41.1246 dB (67.7369 dB Goal) for S1_2 at 1.90909 GHz.
      ABS: Time = 0.035 seconds.

    Frequency:  1.909090909091 GHZ
      Waveguide mode time:  0.005 seconds.
      Fourier transform time:  0.004 seconds.
      Coupling time:  0.001 seconds.
      Loss time:  0.001 seconds.
      Matrix fill time:  0.011 seconds.
      Matrix solve time:  0.002 seconds.
      Frequency completed Thu Jan 23 14:43:14 2025.
      Total time per frequency:  0.095 seconds.
      ABS: SNR = 40.1128 dB (50 dB Goal) for S1_1 at 1.24242 GHz.
      ABS: Time = 0.042 seconds.

    Frequency:  1.242424242424 GHZ
      Waveguide mode time:  0.004 seconds.
      Fourier transform time:  0.003 seconds.
      Coupling time:  0.002 seconds.
      Loss time:  0 seconds.
      Matrix fill time:  0.009 seconds.
      Matrix solve time:  0.003 seconds.
      Frequency completed Thu Jan 23 14:43:14 2025.
      Total time per frequency:  0.109 seconds.
      ABS: SNR = 72.2795 dB (67.4917 dB Goal) for S1_2 at 3.78788 GHz.
      ABS: Time = 0.048 seconds.

    Post-Analysis information for em run 1:
      Total time for 7 frequencies:  0.883 seconds.

Em simulation completed Thu Jan 23 14:43:14 2025.
