Run 1:  Wed Feb 19 14:11:01 2025.  .
        Em version 18.54 (64-bit Windows) on DESKTOP-0JJSHOJ local.

  Project:  C:\Users\caleb\Documents\UGResearch\nm_cascade\src\gridmake\grid1.son.

    Begin electromagnetic simulation using frequency sweep:
      Linear Start = 1, Stop = 4, Number = 100 GHZ, Adaptive

    Frequency:  1 GHZ
      Subsectioning at 4 GHz with Eeff of 2.7.
      Subsectioning time:  0 seconds.
      De-embedding information for left box wall port(s):
        Left SOC Electric Wall: 22.9008 mm length, 12 subsections, 1 MB.
        Left SOC Magnetic Wall: 45.8016 mm length, 11 subsections, 1 MB.
      De-embedding information for bottom box wall port(s):
        Bottom SOC Electric Wall: 22.9008 mm length, 12 subsections, 1 MB.
        Bottom SOC Magnetic Wall: 45.8016 mm length, 11 subsections, 1 MB.
      Em license feature:  emhighperformance.

      Circuit requires 26 subsections and 1 MB of memory.

      Primary structure subsections by level and type:
      Level 0:
        Surface Staircase:  26

      Process memory by type:
        System matrix:            0 MB
        Elemental subsections:
          Primary structure:      0 MB
          Left standard:          0 MB
          Bottom standard:        0 MB
        Fourier transform:        0 MB
        Waveguide mode:           0 MB
        Adaptive band synthesis:  0 MB
        Miscellaneous:            1 MB
        TOTAL REQUIRED MEMORY:    1 MB

      Amount of RAM installed on host computer:  16 GB
      Number of logical processors:  8
      Matrix solver:  internal 64-bit SSE with loss.
      Simulation mode:  local machine.
      Threads:  using 8 thread(s), 8 core(s) available.
      Waveguide mode time:  0.012 seconds.
      Fourier transform time:  0.010 seconds.
      Coupling time:  0.005 seconds.
      Loss time:  0 seconds.
      Matrix fill time:  0.028 seconds.
      Matrix solve time:  0.007 seconds.
      De-embedding time for left box wall:
        SOC Electric Wall Std: 0.012 seconds.
        SOC Magnetic Wall Std: 0.010 seconds.
        Total:                 0.022 seconds.
      De-embedding time for bottom box wall:
        SOC Electric Wall Std: 0.009 seconds.
        SOC Magnetic Wall Std: 0.009 seconds.
        Total:                 0.019 seconds.
      Frequency completed Wed Feb 19 14:11:01 2025.
      Total time per frequency:  0.178 seconds.

    Frequency:  4 GHZ
      Waveguide mode time:  0.005 seconds.
      Fourier transform time:  0.020 seconds.
      Coupling time:  0.003 seconds.
      Loss time:  0 seconds.
      Matrix fill time:  0.028 seconds.
      Matrix solve time:  0.006 seconds.
      Frequency completed Wed Feb 19 14:11:01 2025.
      Total time per frequency:  0.095 seconds.
      ABS: Energy conservation for port 1 at 2.93939 GHz.
      ABS: Time = 0.012 seconds.

    Frequency:  2.939393939394 GHZ
      Waveguide mode time:  0.005 seconds.
      Fourier transform time:  0.005 seconds.
      Coupling time:  0.004 seconds.
      Loss time:  0 seconds.
      Matrix fill time:  0.014 seconds.
      Matrix solve time:  0.004 seconds.
      Frequency completed Wed Feb 19 14:11:01 2025.
      Total time per frequency:  0.087 seconds.
      ABS: SNR = 13.1083 dB (71.9336 dB Goal) for S1_1 at 1.90909 GHz.
      ABS: Time = 0.033 seconds.

    Frequency:  1.909090909091 GHZ
      Waveguide mode time:  0.006 seconds.
      Fourier transform time:  0.003 seconds.
      Coupling time:  0.002 seconds.
      Loss time:  0 seconds.
      Matrix fill time:  0.011 seconds.
      Matrix solve time:  0.005 seconds.
      Frequency completed Wed Feb 19 14:11:01 2025.
      Total time per frequency:  0.122 seconds.
      ABS: SNR = 34.8908 dB (71.9336 dB Goal) for S1_1 at 3.63636 GHz.
      ABS: Time = 0.027 seconds.

    Frequency:  3.636363636364 GHZ
      Waveguide mode time:  0.006 seconds.
      Fourier transform time:  0.019 seconds.
      Coupling time:  0.003 seconds.
      Loss time:  0 seconds.
      Matrix fill time:  0.028 seconds.
      Matrix solve time:  0.006 seconds.
      Frequency completed Wed Feb 19 14:11:01 2025.
      Total time per frequency:  0.123 seconds.
      ABS: SNR = 36.5351 dB (71.9336 dB Goal) for S1_1 at 1.24242 GHz.
      ABS: Time = 0.033 seconds.

    Frequency:  1.242424242424 GHZ
      Waveguide mode time:  0.005 seconds.
      Fourier transform time:  0.004 seconds.
      Coupling time:  0.002 seconds.
      Loss time:  0 seconds.
      Matrix fill time:  0.012 seconds.
      Matrix solve time:  0.005 seconds.
      Frequency completed Wed Feb 19 14:11:01 2025.
      Total time per frequency:  0.099 seconds.
      ABS: SNR = 67.3073 dB (71.9336 dB Goal) for S2_2 at 2.42424 GHz.
      ABS: Time = 0.039 seconds.

    Frequency:  2.424242424242 GHZ
      Waveguide mode time:  0.005 seconds.
      Fourier transform time:  0.004 seconds.
      Coupling time:  0.004 seconds.
      Loss time:  0 seconds.
      Matrix fill time:  0.013 seconds.
      Matrix solve time:  0.004 seconds.
      Frequency completed Wed Feb 19 14:11:01 2025.
      Total time per frequency:  0.110 seconds.
      ABS: SNR = 71.4307 dB (71.9336 dB Goal) for S2_2 at 1.51515 GHz.
      ABS: Time = 0.051 seconds.

    Frequency:  1.515151515152 GHZ
      Waveguide mode time:  0.007 seconds.
      Fourier transform time:  0.004 seconds.
      Coupling time:  0.001 seconds.
      Loss time:  0.001 seconds.
      Matrix fill time:  0.013 seconds.
      Matrix solve time:  0.006 seconds.
      Frequency completed Wed Feb 19 14:11:02 2025.
      Total time per frequency:  0.146 seconds.
      ABS: SNR = 42.439 dB (50 dB Goal) for S1_2 at 1.0303 GHz.
      ABS: Time = 0.044 seconds.

    Frequency:  1.030303030303 GHZ
      Waveguide mode time:  0.005 seconds.
      Fourier transform time:  0.011 seconds.
      Coupling time:  0.001 seconds.
      Loss time:  0 seconds.
      Matrix fill time:  0.018 seconds.
      Matrix solve time:  0.003 seconds.
      Frequency completed Wed Feb 19 14:11:02 2025.
      Total time per frequency:  0.112 seconds.
      ABS: SNR = 86.9338 dB (71.9336 dB Goal) for S1_1 at 2.18182 GHz.
      ABS: Time = 0.064 seconds.

    Post-Analysis information for em run 1:
      Total time for 9 frequencies:  1 second.

Em simulation completed Wed Feb 19 14:11:02 2025.
