Run 1:  Thu Jan 23 14:43:14 2025.  .
        Em version 18.54 (64-bit Windows) on DESKTOP-0JJSHOJ local.

  Project:  C:\Users\caleb\Documents\UGResearch\nm_cascade\src\gridmake\gridobj2.son.

    Begin electromagnetic simulation using frequency sweep:
      Linear Start = 1, Stop = 4, Number = 100 GHZ, Adaptive

    Frequency:  1 GHZ

      De-embedded S-Parameters. 50 Ohm Port Terminations.
      Magnitude/Angle. Touchstone Format. (S11 S21 S12 S22).
      1.00000000 0.967401 -132.5 0.028767 -28.46 0.028767 -28.46 0.971185 -104.1
      ! P1 F=1.0 Eeff=(3.07162 - j0.0564016) Z0=(62.7695 + j0.517345)
      ! P2 F=1.0 Eeff=(3.15717 - j0.0584745) Z0=(64.4718 + j0.538879)

    Frequency:  4 GHZ
      4.00000000 0.899019 147.13 0.076791 -67.22 0.076791 -67.22 0.909474 -102.0
      ! P1 F=4.0 Eeff=(3.12065 - j0.0573956) Z0=(61.7934 + j0.542417)
      ! P2 F=4.0 Eeff=(3.22383 - j0.0602092) Z0=(63.6148 + j0.557649)

    Frequency:  2.545454545455 GHZ
      2.54545455 0.954469 -0.012 0.045199 113.86 0.045199 113.86 0.964557 47.967
      ! P1 F=2.54545455 Eeff=(3.09013 - j0.0562836) Z0=(62.3462 + j0.534699)
      ! P2 F=2.54545455 Eeff=(3.18345 - j0.0587287) Z0=(64.0352 + j0.556241)

    Frequency:  1.727272727273 GHZ
      1.72727273 0.965966 103.71 0.047247 -142.6 0.047247 -142.6 0.963149 149.97
      ! P1 F=1.72727273 Eeff=(3.07817 - j0.0560615) Z0=(62.6045 + j0.527106)
      ! P2 F=1.72727273 Eeff=(3.1667 - j0.0582866) Z0=(64.2938 + j0.54894)

    Frequency:  3.484848484848 GHZ
      3.48484848 0.906044 -123.8 0.063070 6.0741 0.063070 6.0741 0.937434 -42.73
      ! P1 F=3.48484848 Eeff=(3.10876 - j0.056933) Z0=(61.9928 + j0.540804)
      ! P2 F=3.48484848 Eeff=(3.20855 - j0.0596351) Z0=(63.7386 + j0.559719)

    Frequency:  1.212121212121 GHZ
      1.21212121 0.964332 -169.1 0.036880 -60.94 0.036880 -60.94 0.966144 -133.0
      ! P1 F=1.21212121 Eeff=(3.07308 - j0.0562179) Z0=(62.7285 + j0.520743)
      ! P2 F=1.21212121 Eeff=(3.15936 - j0.0583296) Z0=(64.4269 + j0.542372)

    Frequency:  2.121212121212 GHZ
      2.12121212 0.964411 49.651 0.046099 163.15 0.046099 163.15 0.965864 95.861
      ! P1 F=2.12121212 Eeff=(3.08337 - j0.056115) Z0=(62.4883 + j0.531033)
      ! P2 F=2.12121212 Eeff=(3.17405 - j0.0584418) Z0=(64.174 + j0.552871)

Em simulation completed Thu Jan 23 14:43:14 2025.
