Run 1:  Thu Jan 23 14:43:14 2025.  .
        Em version 18.54 (64-bit Windows) on DESKTOP-0JJSHOJ local.

  Project:  C:\Users\caleb\Documents\UGResearch\nm_cascade\src\gridmake\gridobj4.son.

    Begin electromagnetic simulation using frequency sweep:
      Linear Start = 1, Stop = 4, Number = 100 GHZ, Adaptive

    Frequency:  1 GHZ

      De-embedded S-Parameters. 50 Ohm Port Terminations.
      Magnitude/Angle. Touchstone Format. (S11 S21 S12 S22).
      1.00000000 0.141786 -39.29 0.968990 -123.7 0.968990 -123.7 0.145442 -20.38
      ! P1 F=1.0 Eeff=(3.07162 - j0.0564016) Z0=(62.7695 + j0.517345)
      ! P2 F=1.0 Eeff=(3.15717 - j0.0584745) Z0=(64.4718 + j0.538879)

    Frequency:  4 GHZ
      4.00000000 0.122617 157.23 0.909073 -144.5 0.909073 -144.5 0.146527 78.663
      ! P1 F=4.0 Eeff=(3.12065 - j0.0573956) Z0=(61.7934 + j0.542417)
      ! P2 F=4.0 Eeff=(3.22383 - j0.0602092) Z0=(63.6148 + j0.557649)

    Frequency:  2.515151515152 GHZ
      2.51515152 0.293031 -34.29 0.904898 48.366 0.904898 48.366 0.290956 -44.20
      ! P1 F=2.51515152 Eeff=(3.08961 - j0.0562684) Z0=(62.3569 + j0.534455)
      ! P2 F=2.51515152 Eeff=(3.18273 - j0.0587049) Z0=(64.0453 + j0.556031)

    Frequency:  2.151515151515 GHZ
      2.15151515 0.330577 8.0551 0.901735 92.050 0.901735 92.050 0.329971 -1.639
      ! P1 F=2.15151515 Eeff=(3.08382 - j0.0561236) Z0=(62.4787 + j0.531313)
      ! P2 F=2.15151515 Eeff=(3.17468 - j0.0584586) Z0=(64.1644 + j0.553142)

    Frequency:  3.272727272727 GHZ
      3.27272727 0.049228 -71.36 0.933053 -48.61 0.933053 -48.61 0.045489 152.06
      ! P1 F=3.27272727 Eeff=(3.10416 - j0.0567607) Z0=(62.0751 + j0.539708)
      ! P2 F=3.27272727 Eeff=(3.20247 - j0.0594086) Z0=(63.8001 + j0.559542)

    Frequency:  1.363636363636 GHZ
      1.36363636 0.039101 137.47 0.971498 -169.9 0.971498 -169.9 0.051066 47.319
      ! P1 F=1.36363636 Eeff=(3.07436 - j0.0561369) Z0=(62.6955 + j0.522825)
      ! P2 F=1.36363636 Eeff=(3.16123 - j0.0582792) Z0=(64.3911 + j0.544525)

    Frequency:  3.69696969697 GHZ
      3.69696970 0.054175 -107.7 0.923065 -104.1 0.923065 -104.1 0.082186 75.291
      ! P1 F=3.6969697 Eeff=(3.11354 - j0.0571168) Z0=(61.9103 + j0.541679)
      ! P2 F=3.6969697 Eeff=(3.21479 - j0.0598688) Z0=(63.6828 + j0.559389)

    Frequency:  1.272727272727 GHZ
      1.27272727 0.028504 -117.0 0.973356 -158.2 0.973356 -158.2 0.044270 -3.720
      ! P1 F=1.27272727 Eeff=(3.07357 - j0.0561812) Z0=(62.7156 + j0.521604)
      ! P2 F=1.27272727 Eeff=(3.16008 - j0.0583049) Z0=(64.4129 + j0.543261)

Em simulation completed Thu Jan 23 14:43:15 2025.
