Run 1:  Thu Jan 23 14:43:14 2025.  .
        Em version 18.54 (64-bit Windows) on DESKTOP-0JJSHOJ local.

  Project:  C:\Users\caleb\Documents\UGResearch\nm_cascade\src\gridmake\gridobj1.son.

    Begin electromagnetic simulation using frequency sweep:
      Linear Start = 1, Stop = 4, Number = 100 GHZ, Adaptive

    Frequency:  1 GHZ
      Subsectioning at 4 GHz with Eeff of 2.7.
      Subsectioning time:  0.001 seconds.
      De-embedding information for left box wall port(s):
        Left SOC Electric Wall: 16.6551 mm length, 9 subsections, 1 MB.
        Left SOC Magnetic Wall: 33.3103 mm length, 8 subsections, 1 MB.
      De-embedding information for bottom box wall port(s):
        Bottom SOC Electric Wall: 16.6551 mm length, 9 subsections, 1 MB.
        Bottom SOC Magnetic Wall: 33.3103 mm length, 8 subsections, 1 MB.
      Em license feature:  emhighperformance.

      Circuit requires 28 subsections and 1 MB of memory.

      Primary structure subsections by level and type:
      Level 0:
        Surface Staircase:  28

      Process memory by type:
        System matrix:            0 MB
        Elemental subsections:
          Primary structure:      0 MB
          Left standard:          0 MB
          Bottom standard:        0 MB
        Fourier transform:        0 MB
        Waveguide mode:           0 MB
        Adaptive band synthesis:  0 MB
        Miscellaneous:            1 MB
        TOTAL REQUIRED MEMORY:    1 MB

      Amount of RAM installed on host computer:  16 GB
      Number of logical processors:  8
      Matrix solver:  internal 64-bit SSE with loss.
      Simulation mode:  local machine.
      Threads:  using 8 thread(s), 8 core(s) available.
      Waveguide mode time:  0.011 seconds.
      Fourier transform time:  0.009 seconds.
      Coupling time:  0.003 seconds.
      Loss time:  0 seconds.
      Matrix fill time:  0.024 seconds.
      Matrix solve time:  0.006 seconds.
      De-embedding time for left box wall:
        SOC Electric Wall Std: 0.015 seconds.
        SOC Magnetic Wall Std: 0.009 seconds.
        Total:                 0.024 seconds.
      De-embedding time for bottom box wall:
        SOC Electric Wall Std: 0.010 seconds.
        SOC Magnetic Wall Std: 0.009 seconds.
        Total:                 0.019 seconds.
      Frequency completed Thu Jan 23 14:43:14 2025.
      Total time per frequency:  0.165 seconds.

    Frequency:  4 GHZ
      Waveguide mode time:  0.005 seconds.
      Fourier transform time:  0.022 seconds.
      Coupling time:  0.003 seconds.
      Loss time:  0.001 seconds.
      Matrix fill time:  0.031 seconds.
      Matrix solve time:  0.004 seconds.
      Frequency completed Thu Jan 23 14:43:14 2025.
      Total time per frequency:  0.088 seconds.
      ABS: Energy conservation for port 1 at 2.84848 GHz.
      ABS: Time = 0.023 seconds.

    Frequency:  2.848484848485 GHZ
      Waveguide mode time:  0.006 seconds.
      Fourier transform time:  0.004 seconds.
      Coupling time:  0.002 seconds.
      Loss time:  0 seconds.
      Matrix fill time:  0.012 seconds.
      Matrix solve time:  0.002 seconds.
      Frequency completed Thu Jan 23 14:43:14 2025.
      Total time per frequency:  0.113 seconds.
      ABS: SNR = 14.2788 dB (72.2654 dB Goal) for S2_2 at 1.84848 GHz.
      ABS: Time = 0.019 seconds.

    Frequency:  1.848484848485 GHZ
      Waveguide mode time:  0.006 seconds.
      Fourier transform time:  0.005 seconds.
      Coupling time:  0.002 seconds.
      Loss time:  0 seconds.
      Matrix fill time:  0.014 seconds.
      Matrix solve time:  0.003 seconds.
      Frequency completed Thu Jan 23 14:43:14 2025.
      Total time per frequency:  0.101 seconds.
      ABS: SNR = 40.9342 dB (70.1813 dB Goal) for S1_1 at 3.60606 GHz.
      ABS: Time = 0.024 seconds.

    Frequency:  3.606060606061 GHZ
      Waveguide mode time:  0.006 seconds.
      Fourier transform time:  0.004 seconds.
      Coupling time:  0.001 seconds.
      Loss time:  0.001 seconds.
      Matrix fill time:  0.012 seconds.
      Matrix solve time:  0.003 seconds.
      Frequency completed Thu Jan 23 14:43:14 2025.
      Total time per frequency:  0.092 seconds.
      ABS: SNR = 43.4414 dB (72.2654 dB Goal) for S2_2 at 1.24242 GHz.
      ABS: Time = 0.028 seconds.

    Frequency:  1.242424242424 GHZ
      Waveguide mode time:  0.006 seconds.
      Fourier transform time:  0.011 seconds.
      Coupling time:  0.006 seconds.
      Loss time:  0 seconds.
      Matrix fill time:  0.023 seconds.
      Matrix solve time:  0.002 seconds.
      Frequency completed Thu Jan 23 14:43:14 2025.
      Total time per frequency:  0.095 seconds.
      ABS: SNR = 65.4224 dB (70.1813 dB Goal) for S1_1 at 1.51515 GHz.
      ABS: Time = 0.035 seconds.

    Frequency:  1.515151515152 GHZ
      Waveguide mode time:  0.006 seconds.
      Fourier transform time:  0.006 seconds.
      Coupling time:  0.002 seconds.
      Loss time:  0 seconds.
      Matrix fill time:  0.014 seconds.
      Matrix solve time:  0.003 seconds.
      Frequency completed Thu Jan 23 14:43:14 2025.
      Total time per frequency:  0.103 seconds.
      ABS: Time = 0.042 seconds.

    Frequency:  2.363636363636 GHZ
      Waveguide mode time:  0.005 seconds.
      Fourier transform time:  0.010 seconds.
      Coupling time:  0.005 seconds.
      Loss time:  0 seconds.
      Matrix fill time:  0.021 seconds.
      Matrix solve time:  0.001 seconds.
      Frequency completed Thu Jan 23 14:43:14 2025.
      Total time per frequency:  0.093 seconds.
      ABS: SNR = 96.3861 dB (72.2654 dB Goal) for S2_2 at 3.27273 GHz.
      ABS: Time = 0.034 seconds.

    Post-Analysis information for em run 1:
      Total time for 8 frequencies:  0.979 seconds.

Em simulation completed Thu Jan 23 14:43:15 2025.
