Run 1:  Thu Jan 23 14:43:14 2025.  .
        Em version 18.54 (64-bit Windows) on DESKTOP-0JJSHOJ local.

  Project:  C:\Users\caleb\Documents\UGResearch\nm_cascade\src\gridmake\gridobj1.son.

    Begin electromagnetic simulation using frequency sweep:
      Linear Start = 1, Stop = 4, Number = 100 GHZ, Adaptive

    Frequency:  1 GHZ

      De-embedded S-Parameters. 50 Ohm Port Terminations.
      Magnitude/Angle. Touchstone Format. (S11 S21 S12 S22).
      1.00000000 0.968996 -123.4 0.012569 -23.65 0.012569 -23.65 0.971535 -104.0
      ! P1 F=1.0 Eeff=(3.07162 - j0.0564016) Z0=(62.7695 + j0.517345)
      ! P2 F=1.0 Eeff=(3.15717 - j0.0584745) Z0=(64.4718 + j0.538879)

    Frequency:  4 GHZ
      4.00000000 0.898886 -177.4 0.026063 -48.80 0.026063 -48.80 0.912412 -101.8
      ! P1 F=4.0 Eeff=(3.12065 - j0.0573956) Z0=(61.7934 + j0.542417)
      ! P2 F=4.0 Eeff=(3.22383 - j0.0602092) Z0=(63.6148 + j0.557649)

    Frequency:  2.848484848485 GHZ
      2.84848485 0.949495 -17.43 0.017992 90.605 0.017992 90.605 0.960600 18.425
      ! P1 F=2.84848485 Eeff=(3.09563 - j0.0564579) Z0=(62.2364 + j0.536994)
      ! P2 F=2.84848485 Eeff=(3.19098 - j0.0589892) Z0=(63.9348 + j0.558047)

    Frequency:  1.848484848485 GHZ
      1.84848485 0.967008 100.59 0.020369 -152.5 0.020369 -152.5 0.964944 132.53
      ! P1 F=1.84848485 Eeff=(3.07965 - j0.0560653) Z0=(62.5706 + j0.528377)
      ! P2 F=1.84848485 Eeff=(3.16881 - j0.0583205) Z0=(64.2583 + j0.550233)

    Frequency:  3.606060606061 GHZ
      3.60606061 0.910663 -113.5 0.022921 5.5970 0.022921 5.5970 0.933614 -55.19
      ! P1 F=3.60606061 Eeff=(3.11147 - j0.0570367) Z0=(61.9456 + j0.541334)
      ! P2 F=3.60606061 Eeff=(3.2121 - j0.0597679) Z0=(63.7059 + j0.559602)

    Frequency:  1.242424242424 GHZ
      1.24242424 0.965206 -162.4 0.016499 -59.43 0.016499 -59.43 0.966170 -137.2
      ! P1 F=1.24242424 Eeff=(3.07332 - j0.0561988) Z0=(62.7221 + j0.521178)
      ! P2 F=1.24242424 Eeff=(3.15971 - j0.0583165) Z0=(64.42 + j0.542822)

    Frequency:  1.515151515152 GHZ
      1.51515152 0.965051 152.05 0.019623 -102.1 0.019623 -102.1 0.963520 -177.9
      ! P1 F=1.51515152 Eeff=(3.07583 - j0.0560876) Z0=(62.6596 + j0.524709)
      ! P2 F=1.51515152 Eeff=(3.16335 - j0.0582629) Z0=(64.3524 + j0.546474)

    Frequency:  2.363636363636 GHZ
      2.36363636 0.963405 35.620 0.018420 142.20 0.018420 142.20 0.966788 67.493
      ! P1 F=2.36363636 Eeff=(3.0871 - j0.0561993) Z0=(62.409 + j0.533193)
      ! P2 F=2.36363636 Eeff=(3.17925 - j0.0585931) Z0=(64.0954 + j0.554909)

Em simulation completed Thu Jan 23 14:43:15 2025.
