Run 1:  Wed Feb 19 14:10:20 2025.  .
        Em version 18.54 (64-bit Windows) on DESKTOP-0JJSHOJ local.

  Project:  C:\Users\caleb\Documents\UGResearch\nm_cascade\src\gridmake\grid.son.

    Begin electromagnetic simulation using frequency sweep:
      Linear Start = 1, Stop = 4, Number = 100 GHZ, Adaptive

    Frequency:  1 GHZ

      De-embedded S-Parameters. 50 Ohm Port Terminations.
      Magnitude/Angle. Touchstone Format. (S11 S21 S12 S22).
      1.00000000 0.971209 -104.5 2.177e-5 39.185 2.177e-5 39.185 0.971209 -104.5
      ! P1 F=1.0 Eeff=(3.20695 - j0.0596542) Z0=(65.2001 + j0.548471)
      ! P2 F=1.0 Eeff=(3.20695 - j0.0596542) Z0=(65.2001 + j0.548471)

    Frequency:  4 GHZ
      4.00000000 0.910458 -105.9 0.004205 163.90 0.004205 163.90 0.910458 -105.9
      ! P1 F=4.0 Eeff=(3.28502 - j0.0613069) Z0=(64.1344 + j0.505454)
      ! P2 F=4.0 Eeff=(3.28502 - j0.0613069) Z0=(64.1344 + j0.505454)

    Frequency:  2.939393939394 GHZ
      2.93939394 0.958358 7.1702 0.002732 -84.21 0.002732 -84.21 0.958358 7.1702
      ! P1 F=2.93939394 Eeff=(3.25111 - j0.060473) Z0=(64.8811 + j0.560177)
      ! P2 F=2.93939394 Eeff=(3.25111 - j0.060473) Z0=(64.8811 + j0.560177)

    Frequency:  1.909090909091 GHZ
      1.90909091 0.965383 121.16 0.001451 29.144 0.001451 29.144 0.965383 121.16
      ! P1 F=1.90909091 Eeff=(3.22419 - j0.0597004) Z0=(65.0066 + j0.559442)
      ! P2 F=1.90909091 Eeff=(3.22419 - j0.0597004) Z0=(65.0066 + j0.559442)

    Frequency:  3.636363636364 GHZ
      3.63636364 0.931413 -61.73 0.003764 -152.6 0.003764 -152.6 0.931413 -61.73
      ! P1 F=3.63636364 Standard port
      ! P2 F=3.63636364 Standard port

    Frequency:  1.242424242424 GHZ
      1.24242424 0.965719 -138.3 2.294e-4 123.93 2.294e-4 123.93 0.965719 -138.3
      ! P1 F=1.24242424 Eeff=(3.21055 - j0.0595432) Z0=(65.1506 + j0.552398)
      ! P2 F=1.24242424 Eeff=(3.21055 - j0.0595432) Z0=(65.1506 + j0.552398)

    Frequency:  2.424242424242 GHZ
      2.42424242 0.966515 57.884 0.002162 -33.58 0.002162 -33.58 0.966515 57.884
      ! P1 F=2.42424242 Eeff=(3.23738 - j0.0600558) Z0=(64.9209 + j0.561591)
      ! P2 F=2.42424242 Eeff=(3.23738 - j0.0600558) Z0=(64.9209 + j0.561591)

    Frequency:  1.515151515152 GHZ
      1.51515152 0.963136 -179.8 6.860e-4 86.435 6.860e-4 86.435 0.963136 -179.8
      ! P1 F=1.51515152 Eeff=(3.21553 - j0.0595455) Z0=(65.0912 + j0.555858)
      ! P2 F=1.51515152 Eeff=(3.21553 - j0.0595455) Z0=(65.0912 + j0.555858)

    Frequency:  1.030303030303 GHZ
      1.03030303 0.970409 -108.5 2.078e-5 94.888 2.078e-5 94.888 0.970409 -108.5
      ! P1 F=1.03030303 Eeff=(3.20736 - j0.0596327) Z0=(65.1942 + j0.549017)
      ! P2 F=1.03030303 Eeff=(3.20736 - j0.0596327) Z0=(65.1942 + j0.549017)

Em simulation completed Wed Feb 19 14:10:20 2025.
