Run 1:  Thu Jan 16 15:31:44 2025.  .
        Em version 18.54 (64-bit Windows) on DESKTOP-0JJSHOJ local.

  Project:  C:\Users\caleb\Documents\UGResearch\nm_cascade\src\gridmake\t.son.

    Begin electromagnetic simulation using frequency sweep:
      Linear Start = 1, Stop = 4, Number = 100 GHZ, Adaptive

    Frequency:  1 GHZ
      Subsectioning at 4 GHz with Eeff of 2.7.
      Subsectioning time:  0.001 seconds.
      De-embedding information for left box wall port(s):
        Left SOC Electric Wall: 16.6551 mm length, 9 subsections, 1 MB.
        Left SOC Magnetic Wall: 33.3103 mm length, 8 subsections, 1 MB.
      Em license feature:  emhighperformance.

      Circuit requires 18 subsections and 1 MB of memory.

      Primary structure subsections by level and type:
      Level 0:
        Surface Staircase:  18

      Process memory by type:
        System matrix:            0 MB
        Elemental subsections:
          Primary structure:      0 MB
          Left standard:          0 MB
        Fourier transform:        0 MB
        Waveguide mode:           0 MB
        Adaptive band synthesis:  0 MB
        Miscellaneous:            1 MB
        TOTAL REQUIRED MEMORY:    1 MB

      Amount of RAM installed on host computer:  16 GB
      Number of logical processors:  8
      Matrix solver:  internal 64-bit SSE with loss.
      Simulation mode:  local machine.
      Threads:  using 8 thread(s), 8 core(s) available.
      Waveguide mode time:  0.012 seconds.
      Fourier transform time:  0.014 seconds.
      Coupling time:  0.004 seconds.
      Loss time:  0.001 seconds.
      Matrix fill time:  0.031 seconds.
      Matrix solve time:  0.004 seconds.
      De-embedding time for left box wall:
        SOC Electric Wall Std: 0.014 seconds.
        SOC Magnetic Wall Std: 0.011 seconds.
        Total:                 0.025 seconds.
      Frequency completed Thu Jan 16 15:31:44 2025.

      De-embedded S-Parameters. 50 Ohm Port Terminations.
      Magnitude/Angle. Touchstone Format. Matrix Order (line #1: S11 S12 S13 ...).
      1.00000000 0.971925 -103.8
      ! P1 F=1.0 Eeff=(3.11733 - j0.057554) Z0=(63.8835 + j0.531253)
      Total time per frequency:  0.149 seconds.

    Frequency:  4 GHZ
      Waveguide mode time:  0.009 seconds.
      Fourier transform time:  0.008 seconds.
      Coupling time:  0.002 seconds.
      Loss time:  0 seconds.
      Matrix fill time:  0.019 seconds.
      Matrix solve time:  0.005 seconds.
      Frequency completed Thu Jan 16 15:31:44 2025.
      4.00000000 0.914644 -98.78
      ! P1 F=4.0 Eeff=(3.17383 - j0.0589634) Z0=(62.7599 + j0.558502)
      Total time per frequency:  0.058 seconds.
      ABS: Energy conservation for port 1 at 2.90909 GHz.
      ABS: Time = 0.010 seconds.

    Frequency:  2.909090909091 GHZ
      Waveguide mode time:  0.007 seconds.
      Fourier transform time:  0.007 seconds.
      Coupling time:  0.003 seconds.
      Loss time:  0 seconds.
      Matrix fill time:  0.017 seconds.
      Matrix solve time:  0.004 seconds.
      Frequency completed Thu Jan 16 15:31:44 2025.
      2.90909091 0.959647 14.732
      ! P1 F=2.90909091 Eeff=(3.14605 - j0.0578544) Z0=(63.2592 + j0.552176)
      Total time per frequency:  0.062 seconds.
      ABS: SNR = 13.9483 dB (72.652 dB Goal) for S1_1 at 1.93939 GHz.
      ABS: Time = 0.012 seconds.

    Frequency:  1.939393939394 GHZ
      Waveguide mode time:  0.006 seconds.
      Fourier transform time:  0.006 seconds.
      Coupling time:  0.003 seconds.
      Loss time:  0 seconds.
      Matrix fill time:  0.015 seconds.
      Matrix solve time:  0.003 seconds.
      Frequency completed Thu Jan 16 15:31:44 2025.
      1.93939394 0.966051 122.02
      ! P1 F=1.93939394 Eeff=(3.12784 - j0.0573062) Z0=(63.6336 + j0.543472)
      Total time per frequency:  0.058 seconds.
      ABS: SNR = 37.6427 dB (72.652 dB Goal) for S1_1 at 3.66667 GHz.
      ABS: Time = 0.014 seconds.

    Frequency:  3.666666666667 GHZ
      Waveguide mode time:  0.007 seconds.
      Fourier transform time:  0.004 seconds.
      Coupling time:  0.003 seconds.
      Loss time:  0.001 seconds.
      Matrix fill time:  0.015 seconds.
      Matrix solve time:  0.003 seconds.
      Frequency completed Thu Jan 16 15:31:44 2025.
      3.66666667 0.931934 -59.51
      ! P1 F=3.66666667 Eeff=(3.16463 - j0.0585851) Z0=(62.9161 + j0.557083)
      Total time per frequency:  0.066 seconds.
      ABS: SNR = 38.0558 dB (72.652 dB Goal) for S1_1 at 1.24242 GHz.
      ABS: Time = 0.017 seconds.

    Frequency:  1.242424242424 GHZ
      Waveguide mode time:  0.007 seconds.
      Fourier transform time:  0.006 seconds.
      Coupling time:  0 seconds.
      Loss time:  0 seconds.
      Matrix fill time:  0.014 seconds.
      Matrix solve time:  0.003 seconds.
      Frequency completed Thu Jan 16 15:31:44 2025.
      1.24242424 0.966765 -136.5
      ! P1 F=1.24242424 Eeff=(3.11929 - j0.0573679) Z0=(63.8314 + j0.535128)
      Total time per frequency:  0.058 seconds.
      ABS: SNR = 69.7791 dB (72.652 dB Goal) for S1_1 at 1.57576 GHz.
      ABS: Time = 0.015 seconds.

    Frequency:  1.575757575758 GHZ
      Waveguide mode time:  0.009 seconds.
      Fourier transform time:  0.006 seconds.
      Coupling time:  0 seconds.
      Loss time:  0 seconds.
      Matrix fill time:  0.016 seconds.
      Matrix solve time:  0.003 seconds.
      Frequency completed Thu Jan 16 15:31:44 2025.
      1.57575758 0.964120 174.45
      ! P1 F=1.57575758 Eeff=(3.12286 - j0.057271) Z0=(63.7454 + j0.53946)
      Total time per frequency:  0.061 seconds.
      ABS: SNR = 81.2437 dB (72.652 dB Goal) for S1_1 at 2.45455 GHz.
      ABS: Time = 0.018 seconds.

    Post-Analysis information for em run 1:
      Total time for 7 frequencies:  0.656 seconds.
      Em errors detected: 0    Em warnings detected: 0.

Em simulation completed Thu Jan 16 15:31:44 2025.
