Run 1:  Thu Jan 23 14:44:20 2025.  .
        Em version 18.54 (64-bit Windows) on DESKTOP-0JJSHOJ local.

  Project:  C:\Users\caleb\Documents\UGResearch\nm_cascade\src\gridmake\gridobj.son.

    Begin electromagnetic simulation using frequency sweep:
      Linear Start = 1, Stop = 4, Number = 100 GHZ, Adaptive

    Frequency:  1 GHZ

      De-embedded S-Parameters. 50 Ohm Port Terminations.
      Magnitude/Angle. Touchstone Format. (S11 S21 S12 S22).
      1.00000000 0.115519 -40.57 0.972290 -124.9 0.972290 -124.9 0.119575 -19.42
      ! P1 F=1.0 Eeff=(3.07162 - j0.0564016) Z0=(62.7695 + j0.517345)
      ! P2 F=1.0 Eeff=(3.15717 - j0.0584745) Z0=(64.4718 + j0.538879)

    Frequency:  4 GHZ
      4.00000000 0.204067 128.25 0.894651 -148.8 0.894651 -148.8 0.211810 102.03
      ! P1 F=4.0 Eeff=(3.12065 - j0.0573956) Z0=(61.7934 + j0.542417)
      ! P2 F=4.0 Eeff=(3.22383 - j0.0602092) Z0=(63.6148 + j0.557649)

    Frequency:  2.484848484848 GHZ
      2.48484848 0.345730 -35.95 0.886466 50.308 0.886466 50.308 0.345568 -39.61
      ! P1 F=2.48484848 Eeff=(3.0891 - j0.0562537) Z0=(62.3675 + j0.534208)
      ! P2 F=2.48484848 Eeff=(3.18202 - j0.0586816) Z0=(64.0554 + j0.555817)

    Frequency:  3.424242424242 GHZ
      3.42424242 0.068967 -145.0 0.927247 -71.05 0.927247 -71.05 0.070584 173.46
      ! P1 F=3.42424242 Eeff=(3.10742 - j0.0568825) Z0=(62.0163 + j0.540511)
      ! P2 F=3.42424242 Eeff=(3.2068 - j0.0595695) Z0=(63.7557 + j0.559715)

    Frequency:  1.333333333333 GHZ
      1.33333333 0.055366 122.13 0.971179 -167.8 0.971179 -167.8 0.063679 67.046
      ! P1 F=1.33333333 Eeff=(3.07409 - j0.0561503) Z0=(62.7023 + j0.522426)
      ! P2 F=1.33333333 Eeff=(3.16084 - j0.0582863) Z0=(64.3985 + j0.544112)

    Frequency:  1.909090909091 GHZ
      1.90909091 0.332921 33.283 0.905877 119.17 0.905877 119.17 0.333498 25.533
      ! P1 F=1.90909091 Eeff=(3.08044 - j0.0560717) Z0=(62.553 + j0.528991)
      ! P2 F=1.90909091 Eeff=(3.16992 - j0.0583424) Z0=(64.2401 + j0.550852)

    Frequency:  1.242424242424 GHZ
      1.24242424 0.017041 -156.6 0.974096 -155.9 0.974096 -155.9 0.036411 24.161
      ! P1 F=1.24242424 Eeff=(3.07332 - j0.0561988) Z0=(62.7221 + j0.521178)
      ! P2 F=1.24242424 Eeff=(3.15971 - j0.0583165) Z0=(64.42 + j0.542822)

Em simulation completed Thu Jan 23 14:44:20 2025.
